<?xml version="1.0" encoding="UTF-8"?>
<!-- Generated by org.testng.reporters.JUnitXMLReporter -->
<testsuite ignored="0" hostname="LAPTOP-VGBFU46S" failures="0" tests="3" name="Regression" time="7.32" errors="0" timestamp="2022-05-10T16:41:26 PDT">
  <testcase classname="piit.AutomationTrainingProgram.Browsersd" name="f" time="0.186"/>
  <testcase classname="piit.AutomationTrainingProgram.Execution" name="Test2" time="0.001"/>
  <testcase classname="piit.AutomationTrainingProgram.Execution" name="f" time="0.0"/>
</testsuite> <!-- Regression -->
