<?xml version="1.0" encoding="UTF-8"?>
<!-- Generated by org.testng.reporters.JUnitXMLReporter -->
<testsuite ignored="0" hostname="LAPTOP-VGBFU46S" failures="0" tests="2" name="Default test" time="30.236" errors="0" timestamp="2022-05-11T15:38:36 PDT">
  <testcase classname="piit.AutomationTrainingProgram.SignINSignOUT" name="f" time="13.454"/>
  <testcase classname="piit.AutomationTrainingProgram.SignINSignOUT" name="TextVerificationMethod" time="6.483"/>
</testsuite> <!-- Default test -->
