<?xml version="1.0" encoding="UTF-8"?>
<testng-results ignored="0" total="2" passed="2" failed="0" skipped="0">
  <reporter-output>
  </reporter-output>
  <suite started-at="2022-05-11T15:38:06 PDT" name="Default suite" finished-at="2022-05-11T15:38:36 PDT" duration-ms="30236">
    <groups>
    </groups>
    <test started-at="2022-05-11T15:38:06 PDT" name="Default test" finished-at="2022-05-11T15:38:36 PDT" duration-ms="30236">
      <class name="piit.AutomationTrainingProgram.SignINSignOUT">
        <test-method is-config="true" signature="beforeClass()[pri:0, instance:piit.AutomationTrainingProgram.SignINSignOUT@7c711375]" started-at="2022-05-11T15:38:06 PDT" name="beforeClass" finished-at="2022-05-11T15:38:12 PDT" duration-ms="6108" status="PASS">
          <reporter-output>
          </reporter-output>
        </test-method> <!-- beforeClass -->
        <test-method signature="f()[pri:1, instance:piit.AutomationTrainingProgram.SignINSignOUT@7c711375]" started-at="2022-05-11T15:38:12 PDT" name="f" finished-at="2022-05-11T15:38:25 PDT" duration-ms="13454" status="PASS">
          <reporter-output>
          </reporter-output>
        </test-method> <!-- f -->
        <test-method signature="TextVerificationMethod()[pri:2, instance:piit.AutomationTrainingProgram.SignINSignOUT@7c711375]" started-at="2022-05-11T15:38:25 PDT" name="TextVerificationMethod" finished-at="2022-05-11T15:38:32 PDT" depends-on-methods="piit.AutomationTrainingProgram.SignINSignOUT.f" duration-ms="6483" status="PASS">
          <reporter-output>
          </reporter-output>
        </test-method> <!-- TextVerificationMethod -->
        <test-method is-config="true" signature="afterClass()[pri:0, instance:piit.AutomationTrainingProgram.SignINSignOUT@7c711375]" started-at="2022-05-11T15:38:32 PDT" name="afterClass" finished-at="2022-05-11T15:38:36 PDT" duration-ms="4138" status="PASS">
          <reporter-output>
          </reporter-output>
        </test-method> <!-- afterClass -->
      </class> <!-- piit.AutomationTrainingProgram.SignINSignOUT -->
    </test> <!-- Default test -->
  </suite> <!-- Default suite -->
</testng-results>
